0 info it worked if it ends with ok
1 verbose cli [ 'node', '/usr/local/bin/npm', 'install', '--save', 'bitters' ]
2 info using npm@1.4.28
3 info using node@v0.10.33
4 warn package.json karma-chrome-launcher@0.1.7 No README data
5 warn package.json karma-coffee-preprocessor@0.2.1 No README data
6 warn package.json passport-local@0.1.6 No README data
7 verbose readDependencies using package.json deps
8 verbose cache add [ 'bitters', null ]
9 verbose cache add name=undefined spec="bitters" args=["bitters",null]
10 verbose parsed url { protocol: null,
10 verbose parsed url   slashes: null,
10 verbose parsed url   auth: null,
10 verbose parsed url   host: null,
10 verbose parsed url   port: null,
10 verbose parsed url   hostname: null,
10 verbose parsed url   hash: null,
10 verbose parsed url   search: null,
10 verbose parsed url   query: null,
10 verbose parsed url   pathname: 'bitters',
10 verbose parsed url   path: 'bitters',
10 verbose parsed url   href: 'bitters' }
11 silly lockFile eb161870-bitters bitters
12 verbose lock bitters /Users/clawrence/.npm/eb161870-bitters.lock
13 silly lockFile eb161870-bitters bitters
14 silly lockFile eb161870-bitters bitters
15 verbose addNamed [ 'bitters', '' ]
16 verbose addNamed [ null, '*' ]
17 silly lockFile e411e63d-bitters bitters@
18 verbose lock bitters@ /Users/clawrence/.npm/e411e63d-bitters.lock
19 silly addNameRange { name: 'bitters', range: '*', hasData: false }
20 verbose request where is /bitters
21 verbose request registry https://registry.npmjs.org/
22 verbose request id 02a65318552628ec
23 verbose url raw /bitters
24 verbose url resolving [ 'https://registry.npmjs.org/', './bitters' ]
25 verbose url resolved https://registry.npmjs.org/bitters
26 verbose request where is https://registry.npmjs.org/bitters
27 info trying registry request attempt 1 at 16:55:06
28 http GET https://registry.npmjs.org/bitters
29 http 404 https://registry.npmjs.org/bitters
30 verbose headers { date: 'Sun, 14 Dec 2014 21:55:12 GMT',
30 verbose headers   server: 'CouchDB/1.5.0 (Erlang OTP/R16B03)',
30 verbose headers   'content-type': 'application/json',
30 verbose headers   'cache-control': 'max-age=0',
30 verbose headers   'content-length': '52',
30 verbose headers   'accept-ranges': 'bytes',
30 verbose headers   via: '1.1 varnish',
30 verbose headers   age: '0',
30 verbose headers   'x-served-by': 'cache-jfk1021-JFK',
30 verbose headers   'x-cache': 'MISS',
30 verbose headers   'x-cache-hits': '0',
30 verbose headers   'x-timer': 'S1418594112.235851,VS0,VE17',
30 verbose headers   'keep-alive': 'timeout=10, max=50',
30 verbose headers   connection: 'Keep-Alive' }
31 silly registry.get cb [ 404,
31 silly registry.get   { date: 'Sun, 14 Dec 2014 21:55:12 GMT',
31 silly registry.get     server: 'CouchDB/1.5.0 (Erlang OTP/R16B03)',
31 silly registry.get     'content-type': 'application/json',
31 silly registry.get     'cache-control': 'max-age=0',
31 silly registry.get     'content-length': '52',
31 silly registry.get     'accept-ranges': 'bytes',
31 silly registry.get     via: '1.1 varnish',
31 silly registry.get     age: '0',
31 silly registry.get     'x-served-by': 'cache-jfk1021-JFK',
31 silly registry.get     'x-cache': 'MISS',
31 silly registry.get     'x-cache-hits': '0',
31 silly registry.get     'x-timer': 'S1418594112.235851,VS0,VE17',
31 silly registry.get     'keep-alive': 'timeout=10, max=50',
31 silly registry.get     connection: 'Keep-Alive' } ]
32 silly lockFile e411e63d-bitters bitters@
33 silly lockFile e411e63d-bitters bitters@
34 error 404 404 Not Found: bitters
34 error 404
34 error 404 'bitters' is not in the npm registry.
34 error 404 You should bug the author to publish it
34 error 404 It was specified as a dependency of 'aqua-mobile-test'
34 error 404
34 error 404 Note that you can also install from a
34 error 404 tarball, folder, or http url, or git url.
35 error System Darwin 13.4.0
36 error command "node" "/usr/local/bin/npm" "install" "--save" "bitters"
37 error cwd /Applications/MAMP/htdocs/aquamobile/client/assets/sass
38 error node -v v0.10.33
39 error npm -v 1.4.28
40 error code E404
41 verbose exit [ 1, true ]
